<?xml version="1.0" ?>
<coverage version="7.4.4" timestamp="1712820460896" lines-valid="220" lines-covered="217" line-rate="0.9864" branches-valid="100" branches-covered="100" branch-rate="1" complexity="0">
	<!-- Generated by coverage.py: https://coverage.readthedocs.io/en/7.4.4 -->
	<!-- Based on https://raw.githubusercontent.com/cobertura/web/master/htdocs/xml/coverage-04.dtd -->
	<sources>
		<source>/home/abompard/Fedora/apps/datanommer/datanommer.models/datanommer</source>
	</sources>
	<packages>
		<package name="models" line-rate="0.9864" branch-rate="1" complexity="0">
			<classes>
				<class name="__init__.py" filename="models/__init__.py" complexity="0" line-rate="0.9864" branch-rate="1">
					<methods/>
					<lines>
						<line number="16" hits="1"/>
						<line number="17" hits="1"/>
						<line number="18" hits="1"/>
						<line number="19" hits="1"/>
						<line number="20" hits="1"/>
						<line number="21" hits="1"/>
						<line number="22" hits="1"/>
						<line number="23" hits="1"/>
						<line number="25" hits="1"/>
						<line number="47" hits="1"/>
						<line number="48" hits="1"/>
						<line number="49" hits="1"/>
						<line number="56" hits="1"/>
						<line number="59" hits="1"/>
						<line number="60" hits="1"/>
						<line number="67" hits="1"/>
						<line number="70" hits="1"/>
						<line number="72" hits="1"/>
						<line number="73" hits="1"/>
						<line number="75" hits="1"/>
						<line number="76" hits="1"/>
						<line number="79" hits="1"/>
						<line number="82" hits="1" branch="true" condition-coverage="100% (2/2)"/>
						<line number="83" hits="1"/>
						<line number="85" hits="1" branch="true" condition-coverage="100% (2/2)"/>
						<line number="86" hits="1"/>
						<line number="88" hits="1" branch="true" condition-coverage="100% (2/2)"/>
						<line number="89" hits="1"/>
						<line number="94" hits="1" branch="true" condition-coverage="100% (2/2)"/>
						<line number="95" hits="1"/>
						<line number="96" hits="1"/>
						<line number="97" hits="1"/>
						<line number="99" hits="1"/>
						<line number="100" hits="1"/>
						<line number="102" hits="1" branch="true" condition-coverage="100% (2/2)"/>
						<line number="103" hits="1" branch="true" condition-coverage="100% (2/2)"/>
						<line number="104" hits="1"/>
						<line number="105" hits="1"/>
						<line number="116" hits="1"/>
						<line number="120" hits="1"/>
						<line number="121" hits="1"/>
						<line number="123" hits="1" branch="true" condition-coverage="100% (2/2)"/>
						<line number="126" hits="1"/>
						<line number="127" hits="1"/>
						<line number="128" hits="1"/>
						<line number="129" hits="1"/>
						<line number="130" hits="1"/>
						<line number="132" hits="1"/>
						<line number="135" hits="1"/>
						<line number="136" hits="1"/>
						<line number="137" hits="0"/>
						<line number="138" hits="0"/>
						<line number="143" hits="0"/>
						<line number="144" hits="1"/>
						<line number="145" hits="1"/>
						<line number="146" hits="1"/>
						<line number="147" hits="1"/>
						<line number="152" hits="1"/>
						<line number="154" hits="1"/>
						<line number="165" hits="1"/>
						<line number="171" hits="1"/>
						<line number="174" hits="1"/>
						<line number="176" hits="1"/>
						<line number="178" hits="1"/>
						<line number="179" hits="1" branch="true" condition-coverage="100% (2/2)"/>
						<line number="180" hits="1"/>
						<line number="182" hits="1"/>
						<line number="184" hits="1"/>
						<line number="185" hits="1" branch="true" condition-coverage="100% (2/2)"/>
						<line number="186" hits="1"/>
						<line number="187" hits="1"/>
						<line number="189" hits="1"/>
						<line number="191" hits="1" branch="true" condition-coverage="100% (2/2)"/>
						<line number="192" hits="1"/>
						<line number="194" hits="1"/>
						<line number="197" hits="1"/>
						<line number="205" hits="1"/>
						<line number="214" hits="1"/>
						<line number="215" hits="1"/>
						<line number="216" hits="1"/>
						<line number="218" hits="1"/>
						<line number="219" hits="1"/>
						<line number="220" hits="1"/>
						<line number="221" hits="1"/>
						<line number="222" hits="1"/>
						<line number="223" hits="1"/>
						<line number="224" hits="1"/>
						<line number="225" hits="1"/>
						<line number="226" hits="1"/>
						<line number="227" hits="1"/>
						<line number="228" hits="1"/>
						<line number="229" hits="1" branch="true" condition-coverage="100% (2/2)"/>
						<line number="230" hits="1"/>
						<line number="231" hits="1"/>
						<line number="232" hits="1" branch="true" condition-coverage="100% (2/2)"/>
						<line number="241" hits="1" branch="true" condition-coverage="100% (2/2)"/>
						<line number="251" hits="1"/>
						<line number="252" hits="1" branch="true" condition-coverage="100% (2/2)"/>
						<line number="258" hits="1"/>
						<line number="259" hits="1"/>
						<line number="260" hits="1"/>
						<line number="261" hits="1"/>
						<line number="262" hits="1"/>
						<line number="263" hits="1"/>
						<line number="264" hits="1"/>
						<line number="266" hits="1"/>
						<line number="267" hits="1" branch="true" condition-coverage="100% (2/2)"/>
						<line number="268" hits="1"/>
						<line number="269" hits="1"/>
						<line number="270" hits="1" branch="true" condition-coverage="100% (2/2)"/>
						<line number="271" hits="1"/>
						<line number="272" hits="1"/>
						<line number="273" hits="1"/>
						<line number="275" hits="1"/>
						<line number="276" hits="1"/>
						<line number="277" hits="1"/>
						<line number="278" hits="1"/>
						<line number="279" hits="1" branch="true" condition-coverage="100% (2/2)"/>
						<line number="280" hits="1"/>
						<line number="286" hits="1"/>
						<line number="291" hits="1"/>
						<line number="292" hits="1"/>
						<line number="294" hits="1"/>
						<line number="295" hits="1"/>
						<line number="297" hits="1"/>
						<line number="298" hits="1" branch="true" condition-coverage="100% (2/2)"/>
						<line number="299" hits="1"/>
						<line number="300" hits="1"/>
						<line number="301" hits="1"/>
						<line number="302" hits="1" branch="true" condition-coverage="100% (2/2)"/>
						<line number="303" hits="1"/>
						<line number="307" hits="1"/>
						<line number="314" hits="1"/>
						<line number="315" hits="1"/>
						<line number="317" hits="1"/>
						<line number="318" hits="1" branch="true" condition-coverage="100% (2/2)"/>
						<line number="319" hits="1"/>
						<line number="321" hits="1"/>
						<line number="322" hits="1" branch="true" condition-coverage="100% (2/2)"/>
						<line number="339" hits="1"/>
						<line number="340" hits="1"/>
						<line number="341" hits="1" branch="true" condition-coverage="100% (2/2)"/>
						<line number="342" hits="1"/>
						<line number="343" hits="1"/>
						<line number="352" hits="1"/>
						<line number="353" hits="1"/>
						<line number="359" hits="1"/>
						<line number="361" hits="1"/>
						<line number="362" hits="1" branch="true" condition-coverage="100% (2/2)"/>
						<line number="414" hits="1"/>
						<line number="415" hits="1"/>
						<line number="416" hits="1"/>
						<line number="417" hits="1"/>
						<line number="418" hits="1"/>
						<line number="419" hits="1"/>
						<line number="420" hits="1"/>
						<line number="421" hits="1"/>
						<line number="422" hits="1"/>
						<line number="424" hits="1"/>
						<line number="425" hits="1"/>
						<line number="429" hits="1" branch="true" condition-coverage="100% (2/2)"/>
						<line number="430" hits="1"/>
						<line number="434" hits="1" branch="true" condition-coverage="100% (2/2)"/>
						<line number="435" hits="1"/>
						<line number="437" hits="1" branch="true" condition-coverage="100% (2/2)"/>
						<line number="438" hits="1"/>
						<line number="441" hits="1" branch="true" condition-coverage="100% (2/2)"/>
						<line number="442" hits="1" branch="true" condition-coverage="100% (2/2)"/>
						<line number="444" hits="1" branch="true" condition-coverage="100% (2/2)"/>
						<line number="445" hits="1" branch="true" condition-coverage="100% (2/2)"/>
						<line number="447" hits="1" branch="true" condition-coverage="100% (2/2)"/>
						<line number="448" hits="1" branch="true" condition-coverage="100% (2/2)"/>
						<line number="450" hits="1" branch="true" condition-coverage="100% (2/2)"/>
						<line number="451" hits="1" branch="true" condition-coverage="100% (2/2)"/>
						<line number="453" hits="1" branch="true" condition-coverage="100% (2/2)"/>
						<line number="454" hits="1" branch="true" condition-coverage="100% (2/2)"/>
						<line number="457" hits="1" branch="true" condition-coverage="100% (2/2)"/>
						<line number="458" hits="1" branch="true" condition-coverage="100% (2/2)"/>
						<line number="460" hits="1" branch="true" condition-coverage="100% (2/2)"/>
						<line number="461" hits="1" branch="true" condition-coverage="100% (2/2)"/>
						<line number="465" hits="1" branch="true" condition-coverage="100% (2/2)"/>
						<line number="466" hits="1" branch="true" condition-coverage="100% (2/2)"/>
						<line number="468" hits="1" branch="true" condition-coverage="100% (2/2)"/>
						<line number="469" hits="1" branch="true" condition-coverage="100% (2/2)"/>
						<line number="472" hits="1"/>
						<line number="473" hits="1"/>
						<line number="475" hits="1" branch="true" condition-coverage="100% (2/2)"/>
						<line number="476" hits="1"/>
						<line number="478" hits="1"/>
						<line number="479" hits="1"/>
						<line number="481" hits="1" branch="true" condition-coverage="100% (2/2)"/>
						<line number="482" hits="1"/>
						<line number="485" hits="1"/>
						<line number="486" hits="1"/>
						<line number="489" hits="1"/>
						<line number="490" hits="1"/>
						<line number="491" hits="1"/>
						<line number="493" hits="1"/>
						<line number="494" hits="1" branch="true" condition-coverage="100% (2/2)"/>
						<line number="500" hits="1" branch="true" condition-coverage="100% (2/2)"/>
						<line number="503" hits="1"/>
						<line number="504" hits="1"/>
						<line number="505" hits="1" branch="true" condition-coverage="100% (2/2)"/>
						<line number="506" hits="1"/>
						<line number="507" hits="1"/>
						<line number="508" hits="1"/>
						<line number="509" hits="1"/>
						<line number="510" hits="1"/>
						<line number="512" hits="1"/>
						<line number="513" hits="1" branch="true" condition-coverage="100% (2/2)"/>
						<line number="514" hits="1"/>
						<line number="517" hits="1"/>
						<line number="518" hits="1"/>
						<line number="519" hits="1"/>
						<line number="522" hits="1"/>
						<line number="523" hits="1"/>
						<line number="524" hits="1"/>
						<line number="527" hits="1"/>
						<line number="528" hits="1"/>
						<line number="535" hits="1"/>
					</lines>
				</class>
			</classes>
		</package>
	</packages>
</coverage>
